<?xml version="1.0" encoding="UTF-8"?>
<!-- Generated by org.testng.reporters.JUnitReportReporter -->
<testsuite hostname="LAPTOP-SO5VFB9O" failures="0" tests="14" name="com.qa.test.TestCases" time="6.924" errors="0" timestamp="2020-07-28T13:56:17 EDT" skipped="0">
  <testcase classname="com.qa.test.TestCases" name="invalidValues" time="0.000"/>
  <system-out/>
  <testcase classname="com.qa.test.TestCases" name="invalidCalls" time="3.121"/>
  <system-out/>
  <testcase classname="com.qa.test.TestCases" name="invalidCalls" time="0.187"/>
  <system-out/>
  <testcase classname="com.qa.test.TestCases" name="validValues" time="0.501"/>
  <system-out/>
  <testcase classname="com.qa.test.TestCases" name="invalidCalls" time="0.201"/>
  <system-out/>
  <testcase classname="com.qa.test.TestCases" name="invalidCalls" time="0.262"/>
  <system-out/>
  <testcase classname="com.qa.test.TestCases" name="invalidValues" time="0.000"/>
  <system-out/>
  <testcase classname="com.qa.test.TestCases" name="validValues" time="1.268"/>
  <system-out/>
  <testcase classname="com.qa.test.TestCases" name="invalidCalls" time="0.170"/>
  <system-out/>
  <testcase classname="com.qa.test.TestCases" name="invalidValues" time="0.000"/>
  <system-out/>
  <testcase classname="com.qa.test.TestCases" name="invalidValues" time="0.000"/>
  <system-out/>
  <testcase classname="com.qa.test.TestCases" name="invalidValues" time="0.005"/>
  <system-out/>
  <testcase classname="com.qa.test.TestCases" name="validValues" time="0.788"/>
  <system-out/>
  <testcase classname="com.qa.test.TestCases" name="validValues" time="0.421"/>
  <system-out/>
</testsuite> <!-- com.qa.test.TestCases -->
